
FAILURE: Build failed with an exception.

* Where:
Build file 'D:\CNTT\tool\BE\common\0-base\build.gradle' line: 5

* What went wrong:
A problem occurred evaluating project ':base'.
> Could not find method api() for arguments [org.springframework.boot:spring-boot-autoconfigure] on object of type org.gradle.api.internal.artifacts.dsl.dependencies.DefaultDependencyHandler.

* Try:
> Run with --stacktrace option to get the stack trace.
> Run with --info or --debug option to get more log output.
> Run with --scan to generate a Build Scan (powered by Develocity).
> Get more help at https://help.gradle.org.

BUILD FAILED in 1s
